<?xml version="1.0" encoding="UTF-8"?>
<!-- Generated by org.testng.reporters.JUnitXMLReporter -->
<testsuite ignored="0" hostname="jeremyluong" failures="0" tests="1" name="Default test" time="3.449" errors="0" timestamp="2024-04-07T14:39:47 ICT">
  <testcase classname="com.web.test.testDemo" name="@BeforeTest before" time="3.284">
    <failure type="java.lang.ClassCastException" message="class org.openqa.selenium.chrome.ChromeDriver cannot be cast to class com.web.selenium.webSelenium.driver.ImproveWebDriver (org.openqa.selenium.chrome.ChromeDriver and com.web.selenium.webSelenium.driver.ImproveWebDriver are in unnamed module of loader &amp;apos;app&amp;apos;)">
      <![CDATA[java.lang.ClassCastException: class org.openqa.selenium.chrome.ChromeDriver cannot be cast to class com.web.selenium.webSelenium.driver.ImproveWebDriver (org.openqa.selenium.chrome.ChromeDriver and com.web.selenium.webSelenium.driver.ImproveWebDriver are in unnamed module of loader 'app')
at com.web.selenium.webSelenium.selenium.SeleniumDriverManager.startWebDriver(SeleniumDriverManager.java:18)
at com.web.test.testDemo.before(testDemo.java:14)
at java.base/jdk.internal.reflect.NativeMethodAccessorImpl.invoke0(Native Method)
at java.base/jdk.internal.reflect.NativeMethodAccessorImpl.invoke(NativeMethodAccessorImpl.java:77)
at java.base/jdk.internal.reflect.DelegatingMethodAccessorImpl.invoke(DelegatingMethodAccessorImpl.java:43)
at java.base/java.lang.reflect.Method.invoke(Method.java:568)
at org.testng.internal.invokers.MethodInvocationHelper.invokeMethod(MethodInvocationHelper.java:139)
at org.testng.internal.invokers.MethodInvocationHelper.invokeMethodConsideringTimeout(MethodInvocationHelper.java:69)
at org.testng.internal.invokers.ConfigInvoker.invokeConfigurationMethod(ConfigInvoker.java:393)
at org.testng.internal.invokers.ConfigInvoker.invokeConfigurations(ConfigInvoker.java:326)
at org.testng.TestRunner.invokeTestConfigurations(TestRunner.java:661)
at org.testng.TestRunner.beforeRun(TestRunner.java:650)
at org.testng.TestRunner.run(TestRunner.java:612)
at org.testng.SuiteRunner.runTest(SuiteRunner.java:443)
at org.testng.SuiteRunner.runSequentially(SuiteRunner.java:437)
at org.testng.SuiteRunner.privateRun(SuiteRunner.java:397)
at org.testng.SuiteRunner.run(SuiteRunner.java:336)
at org.testng.SuiteRunnerWorker.runSuite(SuiteRunnerWorker.java:52)
at org.testng.SuiteRunnerWorker.run(SuiteRunnerWorker.java:95)
at org.testng.TestNG.runSuitesSequentially(TestNG.java:1301)
at org.testng.TestNG.runSuitesLocally(TestNG.java:1228)
at org.testng.TestNG.runSuites(TestNG.java:1134)
at org.testng.TestNG.run(TestNG.java:1101)
at org.testng.remote.AbstractRemoteTestNG.run(AbstractRemoteTestNG.java:115)
at org.testng.remote.RemoteTestNG.initAndRun(RemoteTestNG.java:251)
at org.testng.remote.RemoteTestNG.main(RemoteTestNG.java:77)
]]>
    </failure>
  </testcase> <!-- @BeforeTest before -->
  <testcase classname="com.web.test.testDemo" name="@AfterTest after" time="0.0">
    <skipped/>
  </testcase> <!-- @AfterTest after -->
  <testcase classname="com.web.test.testDemo" name="testDemo1" time="0.0">
    <skipped/>
  </testcase> <!-- testDemo1 -->
</testsuite> <!-- Default test -->
